TN:
SF:operaciones.js
FN:1,(anonymous_0)
FN:8,(anonymous_1)
FN:14,(anonymous_2)
FN:17,(anonymous_3)
FN:23,residuo
FNF:5
FNH:5
FNDA:3,(anonymous_0)
FNDA:4,(anonymous_1)
FNDA:3,(anonymous_2)
FNDA:3,(anonymous_3)
FNDA:3,residuo
DA:1,1
DA:3,3
DA:4,1
DA:6,2
DA:8,1
DA:9,4
DA:10,4
DA:12,0
DA:14,3
DA:17,1
DA:18,3
DA:19,1
DA:20,1
DA:24,3
DA:25,2
DA:29,1
LF:16
LH:15
BRDA:3,0,0,1
BRDA:3,0,1,2
BRDA:3,1,0,3
BRDA:3,1,1,1
BRDA:9,2,0,4
BRDA:9,2,1,0
BRDA:9,3,0,4
BRDA:9,3,1,4
BRDA:18,4,0,2
BRDA:18,4,1,1
BRDA:19,5,0,0
BRDA:19,5,1,1
BRDA:19,6,0,1
BRDA:19,6,1,0
BRDA:24,7,0,1
BRDA:24,7,1,2
BRF:16
BRH:13
end_of_record
